<?xml version="1.0" encoding="UTF-8"?>
<!-- Generated by org.testng.reporters.JUnitReportReporter -->
<testsuite hostname="DESKTOP-2TGAK1H" failures="0" tests="1" name="testCases.TC002_LoginTest" time="5.065" errors="0" timestamp="2024-11-12T21:08:05 IST" skipped="0">
  <testcase classname="testCases.TC002_LoginTest" name="verify_login" time="5.065"/>
</testsuite> <!-- testCases.TC002_LoginTest -->
