<?xml version="1.0" encoding="UTF-8"?>
<!-- Generated by org.testng.reporters.JUnitReportReporter -->
<testsuite hostname="DESKTOP-2TGAK1H" failures="0" tests="5" name="testCases.TC003_LoginDDT" time="84.359" errors="0" timestamp="2024-11-04T22:47:23 IST" skipped="0">
  <testcase classname="testCases.TC003_LoginDDT" name="verify_LoginDDT" time="22.700"/>
  <testcase classname="testCases.TC003_LoginDDT" name="verify_LoginDDT" time="24.293"/>
  <testcase classname="testCases.TC003_LoginDDT" name="verify_LoginDDT" time="23.573"/>
  <testcase classname="testCases.TC003_LoginDDT" name="verify_LoginDDT" time="6.813"/>
  <testcase classname="testCases.TC003_LoginDDT" name="verify_LoginDDT" time="6.980"/>
</testsuite> <!-- testCases.TC003_LoginDDT -->
