<?xml version="1.0" encoding="UTF-8"?>
<!-- Generated by org.testng.reporters.JUnitReportReporter -->
<testsuite hostname="DESKTOP-2TGAK1H" failures="0" tests="1" name="testCases.TC001_AccountRegistrationTest" time="11.249" errors="0" timestamp="2024-11-27T20:05:36 IST" skipped="0">
  <testcase classname="testCases.TC001_AccountRegistrationTest" name="verify_account_registration" time="11.249"/>
</testsuite> <!-- testCases.TC001_AccountRegistrationTest -->
