<?xml version="1.0" encoding="UTF-8"?>
<!-- Generated by org.testng.reporters.JUnitReportReporter -->
<testsuite hostname="DESKTOP-2TGAK1H" failures="0" tests="1" name="testCases.TC002_LoginTest" time="6.137" errors="0" timestamp="2024-11-27T20:05:36 IST" skipped="0">
  <testcase classname="testCases.TC002_LoginTest" name="verify_login" time="6.137"/>
</testsuite> <!-- testCases.TC002_LoginTest -->
